<?xml version="1.0" encoding="UTF-8"?>
<!-- Generated by org.testng.reporters.JUnitReportReporter -->
<testsuite hostname="DESKTOP-U3RCN4U" failures="0" tests="5" name="testCases.TC_003_LoginDDT" time="39.127" errors="0" timestamp="2025-12-29T16:25:51 IST" skipped="0">
  <testcase classname="testCases.TC_003_LoginDDT" name="loginDDT" time="2.567"/>
  <testcase classname="testCases.TC_003_LoginDDT" name="loginDDT" time="10.823"/>
  <testcase classname="testCases.TC_003_LoginDDT" name="loginDDT" time="11.771"/>
  <testcase classname="testCases.TC_003_LoginDDT" name="loginDDT" time="11.574"/>
  <testcase classname="testCases.TC_003_LoginDDT" name="loginDDT" time="2.392"/>
</testsuite> <!-- testCases.TC_003_LoginDDT -->
